c:\users\arjun\documents\visual studio 2015\code snippets\assignment3\opengl2\x64\release\vc140.pdb
c:\users\arjun\documents\visual studio 2015\code snippets\assignment4\opengl2\x64\release\vc140.pdb
c:\users\arjun\documents\visual studio 2015\code snippets\assignment4\opengl2\x64\release\renderer.obj
c:\users\arjun\documents\visual studio 2015\code snippets\assignment4\opengl2\x64\release\main.obj
c:\users\arjun\documents\visual studio 2015\code snippets\assignment4\opengl2\x64\release\curve.obj
c:\users\arjun\documents\visual studio 2015\code snippets\assignment4\opengl2\x64\release\aircraft_animation.obj
c:\users\arjun\documents\visual studio 2015\code snippets\assignment5\opengl2\x64\release\vc140.pdb
c:\users\arjun\documents\visual studio 2015\code snippets\assignment5\opengl2\x64\release\main.obj
c:\users\arjun\documents\visual studio 2015\code snippets\assignment5\opengl2\x64\release\renderer.obj
c:\users\arjun\documents\visual studio 2015\code snippets\assignment5\opengl2\x64\release\aircraft_animation.obj
c:\users\arjun\documents\visual studio 2015\code snippets\assignment5\opengl2\x64\release\curve.obj
c:\users\arjun\documents\visual studio 2015\code snippets\assignment6\opengl2\x64\release\vc140.pdb
c:\users\arjun\documents\visual studio 2015\code snippets\assignment6\opengl2\x64\release\main.obj
c:\users\arjun\documents\visual studio 2015\code snippets\assignment6\opengl2\x64\release\renderer.obj
c:\users\arjun\documents\visual studio 2015\code snippets\assignment6\opengl2\x64\release\bone_animation.obj
c:\users\arjun\documents\visual studio 2015\code snippets\assignment3\x64\release\opengl2.exe
c:\users\arjun\documents\visual studio 2015\code snippets\assignment3\x64\release\opengl2.ipdb
c:\users\arjun\documents\visual studio 2015\code snippets\assignment3\x64\release\opengl2.iobj
c:\users\arjun\documents\visual studio 2015\code snippets\assignment3\x64\release\opengl2.pdb
c:\users\arjun\documents\visual studio 2015\code snippets\assignment4\x64\release\opengl2.exe
c:\users\arjun\documents\visual studio 2015\code snippets\assignment4\x64\release\opengl2.ipdb
c:\users\arjun\documents\visual studio 2015\code snippets\assignment4\x64\release\opengl2.iobj
c:\users\arjun\documents\visual studio 2015\code snippets\assignment4\x64\release\opengl2.pdb
c:\users\arjun\documents\visual studio 2015\code snippets\assignment5\x64\release\opengl2.exe
c:\users\arjun\documents\visual studio 2015\code snippets\assignment5\x64\release\opengl2.ipdb
c:\users\arjun\documents\visual studio 2015\code snippets\assignment5\x64\release\opengl2.iobj
c:\users\arjun\documents\visual studio 2015\code snippets\assignment5\x64\release\opengl2.pdb
c:\users\arjun\documents\visual studio 2015\code snippets\assignment6\x64\release\opengl2.exe
c:\users\arjun\documents\visual studio 2015\code snippets\assignment6\x64\release\opengl2.ipdb
c:\users\arjun\documents\visual studio 2015\code snippets\assignment6\x64\release\opengl2.iobj
c:\users\arjun\documents\visual studio 2015\code snippets\assignment6\x64\release\opengl2.pdb
c:\users\arjun\documents\visual studio 2015\code snippets\assignment6\opengl2\x64\release\aircraft_animation.obj
c:\users\arjun\documents\visual studio 2015\code snippets\assignment6\opengl2\x64\release\curve.obj
c:\users\arjun\documents\visual studio 2015\code snippets\assignment6\opengl2\x64\release\opengl2.tlog\cl.command.1.tlog
c:\users\arjun\documents\visual studio 2015\code snippets\assignment6\opengl2\x64\release\opengl2.tlog\cl.read.1.tlog
c:\users\arjun\documents\visual studio 2015\code snippets\assignment6\opengl2\x64\release\opengl2.tlog\cl.write.1.tlog
c:\users\arjun\documents\visual studio 2015\code snippets\assignment6\opengl2\x64\release\opengl2.tlog\link.command.1.tlog
c:\users\arjun\documents\visual studio 2015\code snippets\assignment6\opengl2\x64\release\opengl2.tlog\link.read.1.tlog
c:\users\arjun\documents\visual studio 2015\code snippets\assignment6\opengl2\x64\release\opengl2.tlog\link.write.1.tlog
